2025-04-06T16:21:08.967+08:00  INFO 5688 --- [hrms] [restartedMain] com.lightereb.hrms.HrmsApiApplication    : Starting HrmsApiApplication using Java 17.0.14 with PID 5688 (/Users/lightereb/Library/CloudStorage/OneDrive-个人/项目/hrms/hrms-api/target/classes started by lightereb in /Users/lightereb/Library/CloudStorage/OneDrive-个人/项目/hrms/hrms-api)
2025-04-06T16:21:08.970+08:00 DEBUG 5688 --- [hrms] [restartedMain] com.lightereb.hrms.HrmsApiApplication    : Running with Spring Boot v3.2.1, Spring v6.1.2
2025-04-06T16:21:08.970+08:00  INFO 5688 --- [hrms] [restartedMain] com.lightereb.hrms.HrmsApiApplication    : The following 1 profile is active: "dev"
2025-04-06T16:21:08.997+08:00  INFO 5688 --- [hrms] [restartedMain] .e.DevToolsPropertyDefaultsPostProcessor : Devtools property defaults active! Set 'spring.devtools.add-properties' to 'false' to disable
2025-04-06T16:21:08.997+08:00  INFO 5688 --- [hrms] [restartedMain] .e.DevToolsPropertyDefaultsPostProcessor : For additional web related logging consider setting the 'logging.level.web' property to 'DEBUG'
2025-04-06T16:21:09.463+08:00  INFO 5688 --- [hrms] [restartedMain] .s.d.r.c.RepositoryConfigurationDelegate : Multiple Spring Data modules found, entering strict repository configuration mode
2025-04-06T16:21:09.464+08:00  INFO 5688 --- [hrms] [restartedMain] .s.d.r.c.RepositoryConfigurationDelegate : Bootstrapping Spring Data Redis repositories in DEFAULT mode.
2025-04-06T16:21:09.479+08:00  INFO 5688 --- [hrms] [restartedMain] .s.d.r.c.RepositoryConfigurationDelegate : Finished Spring Data repository scanning in 11 ms. Found 0 Redis repository interfaces.
2025-04-06T16:21:09.795+08:00  INFO 5688 --- [hrms] [restartedMain] o.s.b.w.embedded.tomcat.TomcatWebServer  : Tomcat initialized with port 8080 (http)
2025-04-06T16:21:09.799+08:00  INFO 5688 --- [hrms] [restartedMain] o.apache.catalina.core.StandardService   : Starting service [Tomcat]
2025-04-06T16:21:09.800+08:00  INFO 5688 --- [hrms] [restartedMain] o.apache.catalina.core.StandardEngine    : Starting Servlet engine: [Apache Tomcat/10.1.17]
2025-04-06T16:21:09.819+08:00  INFO 5688 --- [hrms] [restartedMain] o.a.c.c.C.[Tomcat].[localhost].[/api]    : Initializing Spring embedded WebApplicationContext
2025-04-06T16:21:09.819+08:00  INFO 5688 --- [hrms] [restartedMain] w.s.c.ServletWebServerApplicationContext : Root WebApplicationContext: initialization completed in 822 ms
2025-04-06T16:21:09.887+08:00  INFO 5688 --- [hrms] [restartedMain] c.a.d.s.b.a.DruidDataSourceAutoConfigure : Init DruidDataSource
2025-04-06T16:21:11.432+08:00  INFO 5688 --- [hrms] [restartedMain] com.alibaba.druid.pool.DruidDataSource   : {dataSource-1} inited
2025-04-06T16:21:11.639+08:00  INFO 5688 --- [hrms] [restartedMain] o.f.c.internal.license.VersionPrinter    : Flyway Community Edition 9.22.3 by Redgate
2025-04-06T16:21:11.639+08:00  INFO 5688 --- [hrms] [restartedMain] o.f.c.internal.license.VersionPrinter    : See release notes here: https://rd.gt/416ObMi
2025-04-06T16:21:11.639+08:00  INFO 5688 --- [hrms] [restartedMain] o.f.c.internal.license.VersionPrinter    : 
2025-04-06T16:21:11.767+08:00  INFO 5688 --- [hrms] [restartedMain] org.flywaydb.core.FlywayExecutor         : Database: jdbc:mysql://1.94.160.101:13306/hrmgmt (MySQL 8.0)
2025-04-06T16:21:12.234+08:00  INFO 5688 --- [hrms] [restartedMain] o.f.core.internal.command.DbValidate     : Successfully validated 3 migrations (execution time 00:00.196s)
2025-04-06T16:21:12.607+08:00  INFO 5688 --- [hrms] [restartedMain] o.f.core.internal.command.DbMigrate      : Current version of schema `hrmgmt`: 1.0.3
2025-04-06T16:21:12.608+08:00  WARN 5688 --- [hrms] [restartedMain] o.f.core.internal.command.DbMigrate      : Schema `hrmgmt` has a version (1.0.3) that is newer than the latest available migration (1.0.1) !
2025-04-06T16:21:12.643+08:00  INFO 5688 --- [hrms] [restartedMain] o.f.core.internal.command.DbMigrate      : Schema `hrmgmt` is up to date. No migration necessary.
2025-04-06T16:21:12.924+08:00 DEBUG 5688 --- [hrms] [restartedMain] c.l.h.s.filter.JwtAuthenticationFilter   : Filter 'jwtAuthenticationFilter' configured for use
2025-04-06T16:21:13.529+08:00  INFO 5688 --- [hrms] [restartedMain] o.s.b.a.e.web.EndpointLinksResolver      : Exposing 1 endpoint(s) beneath base path '/actuator'
2025-04-06T16:21:13.560+08:00  INFO 5688 --- [hrms] [restartedMain] o.s.s.web.DefaultSecurityFilterChain     : Will secure any request with [org.springframework.security.web.session.DisableEncodeUrlFilter@3867c1a9, org.springframework.security.web.context.request.async.WebAsyncManagerIntegrationFilter@31996362, org.springframework.security.web.context.SecurityContextHolderFilter@3e8f1646, org.springframework.security.web.header.HeaderWriterFilter@657d20bd, org.springframework.web.filter.CorsFilter@fd35823, org.springframework.security.web.authentication.logout.LogoutFilter@6007b6fe, com.lightereb.hrms.security.filter.JwtAuthenticationFilter@303a18b1, org.springframework.security.web.savedrequest.RequestCacheAwareFilter@148a5784, org.springframework.security.web.servletapi.SecurityContextHolderAwareRequestFilter@171a7135, org.springframework.security.web.authentication.AnonymousAuthenticationFilter@3ef581a0, org.springframework.security.web.session.SessionManagementFilter@b3cd6a8, org.springframework.security.web.access.ExceptionTranslationFilter@58588020, org.springframework.security.web.access.intercept.AuthorizationFilter@12a36a85]
2025-04-06T16:21:13.765+08:00  INFO 5688 --- [hrms] [restartedMain] o.s.b.d.a.OptionalLiveReloadServer       : LiveReload server is running on port 35729
2025-04-06T16:21:13.797+08:00  INFO 5688 --- [hrms] [restartedMain] o.s.b.w.embedded.tomcat.TomcatWebServer  : Tomcat started on port 8080 (http) with context path '/api'
2025-04-06T16:21:13.810+08:00  INFO 5688 --- [hrms] [restartedMain] com.lightereb.hrms.HrmsApiApplication    : Started HrmsApiApplication in 4.989 seconds (process running for 7.041)
2025-04-06T16:21:16.727+08:00  INFO 5688 --- [hrms] [RMI TCP Connection(3)-127.0.0.1] o.a.c.c.C.[Tomcat].[localhost].[/api]    : Initializing Spring DispatcherServlet 'dispatcherServlet'
2025-04-06T16:21:16.728+08:00  INFO 5688 --- [hrms] [RMI TCP Connection(3)-127.0.0.1] o.s.web.servlet.DispatcherServlet        : Initializing Servlet 'dispatcherServlet'
2025-04-06T16:21:16.728+08:00  INFO 5688 --- [hrms] [RMI TCP Connection(3)-127.0.0.1] o.s.web.servlet.DispatcherServlet        : Completed initialization in 0 ms
